Added Component: Designator=extra(HDR1X5)
Add component (AddParameter): Name = "LatestRevisionDate"; Value = "17-Jul-2002"; VariantName = "[No Variations]"
Add component (AddParameter): Name = "LatestRevisionNote"; Value = "Re-released for DXP Platform."; VariantName = "[No Variations]"
Add component (AddParameter): Name = "Publisher"; Value = "Altium Limited"; VariantName = "[No Variations]"
Added Component: Designator=powerTap(HDR1X4)
Add component (AddParameter): Name = "LatestRevisionDate"; Value = "17-Jul-2002"; VariantName = "[No Variations]"
Add component (AddParameter): Name = "LatestRevisionNote"; Value = "Re-released for DXP Platform."; VariantName = "[No Variations]"
Add component (AddParameter): Name = "Publisher"; Value = "Altium Limited"; VariantName = "[No Variations]"
Added Pin To Net: NetName=ex1 Pin=extra-1
Added Pin To Net: NetName=ex2 Pin=extra-2
Added Pin To Net: NetName=ex3 Pin=extra-3
Added Pin To Net: NetName=ex4 Pin=extra-4
Added Pin To Net: NetName=ex5 Pin=extra-5
Added Pin To Net: NetName=+12 Pin=powerTap-1
Added Pin To Net: NetName=+5 Pin=powerTap-2
Added Pin To Net: NetName=+3 Pin=powerTap-3
Added Pin To Net: NetName=GND Pin=powerTap-4
Added Member To Class: ClassName=Sheet2 Member=Component extra Header 5
Added Member To Class: ClassName=Sheet2 Member=Component powerTap Header 4
Added Room: Name=Sheet2
