Added Component: Designator=extra(HDR1X5)
Add component (AddParameter): Name = "LatestRevisionDate"; Value = "17-Jul-2002"; VariantName = "[No Variations]"
Add component (AddParameter): Name = "LatestRevisionNote"; Value = "Re-released for DXP Platform."; VariantName = "[No Variations]"
Add component (AddParameter): Name = "Publisher"; Value = "Altium Limited"; VariantName = "[No Variations]"
Added Pin To Net: NetName=ex1 Pin=extra-1
Added Pin To Net: NetName=ex1 Pin=uC-25
Added Net: Name=ex1
Added Pin To Net: NetName=ex2 Pin=extra-2
Added Pin To Net: NetName=ex2 Pin=uC-26
Added Net: Name=ex2
Added Pin To Net: NetName=ex3 Pin=extra-3
Added Pin To Net: NetName=ex3 Pin=uC-27
Added Net: Name=ex3
Added Pin To Net: NetName=ex4 Pin=extra-4
Added Pin To Net: NetName=ex4 Pin=uC-28
Added Net: Name=ex4
Added Pin To Net: NetName=ex5 Pin=extra-5
Added Pin To Net: NetName=ex5 Pin=uC-29
Added Net: Name=ex5
Added Member To Class: ClassName=Sheet2 Member=Component extra Header 5
Added Room: Name=Sheet2
