Removed Pin From Net: NetName=NetLCD header_16 Pin=Rred-1
Change Component Designator: OldDesignator=U? NewDesignator=ATMega328P
Added Component: Designator=16MHz Crystal(XTAL_FOXSDLF/160-20)
Add component (AddParameter): Name = "Availability"; Value = "In Stock"; VariantName = "[No Variations]"
Add component (AddParameter): Name = "Check_prices"; Value = "https://www.snapeda.com/parts/FC4SDCBMM16.0-T1/Fox+Electronics/view-part/?ref=eda"; VariantName = "[No Variations]"
Add component (AddParameter): Name = "MF"; Value = "Fox Electronics"; VariantName = "[No Variations]"
Add component (AddParameter): Name = "MP"; Value = "FC4SDCBMM16.0-T1"; VariantName = "[No Variations]"
Add component (AddParameter): Name = "Package"; Value = "HC-49/US Fox Electronics"; VariantName = "[No Variations]"
Add component (AddParameter): Name = "Price"; Value = "None"; VariantName = "[No Variations]"
Add component (AddParameter): Name = "Purchase-URL"; Value = "https://pricing.snapeda.com/search/part/FC4SDCBMM16.0-T1/?ref=eda"; VariantName = "[No Variations]"
Add component (AddParameter): Name = "SnapEDA_Link"; Value = "https://www.snapeda.com/parts/FC4SDCBMM16.0-T1/Fox+Electronics/view-part/?ref=snap"; VariantName = "[No Variations]"
Add component (AddParameter): Name = "Value"; Value = ""; VariantName = "[No Variations]"
Added Component: Designator=Cbulk1(CAPC0805(2012)145_L)
Add component (AddParameter): Name = "Capacitor Type"; Value = "Ceramic"; VariantName = "[No Variations]"
Add component (AddParameter): Name = "Case/Package"; Value = "0805"; VariantName = "[No Variations]"
Add component (AddParameter): Name = "Max Operating Temperature"; Value = "85°C"; VariantName = "[No Variations]"
Add component (AddParameter): Name = "Min Operating Temperature"; Value = "-55°C"; VariantName = "[No Variations]"
Add component (AddParameter): Name = "Mounting Technology"; Value = "SMT"; VariantName = "[No Variations]"
Add component (AddParameter): Name = "Pins"; Value = "2"; VariantName = "[No Variations]"
Add component (AddParameter): Name = "Ripple Current"; Value = ""; VariantName = "[No Variations]"
Add component (AddParameter): Name = "Ripple Current (AC)"; Value = ""; VariantName = "[No Variations]"
Add component (AddParameter): Name = "Tolerance"; Value = "20%"; VariantName = "[No Variations]"
Add component (AddParameter): Name = "Value"; Value = "100nF"; VariantName = "[No Variations]"
Add component (AddParameter): Name = "Voltage Rating"; Value = "25V"; VariantName = "[No Variations]"
Added Component: Designator=Cbulk2(CAPC0805(2012)145_L)
Add component (AddParameter): Name = "Capacitor Type"; Value = "Ceramic"; VariantName = "[No Variations]"
Add component (AddParameter): Name = "Case/Package"; Value = "0805"; VariantName = "[No Variations]"
Add component (AddParameter): Name = "Max Operating Temperature"; Value = "85°C"; VariantName = "[No Variations]"
Add component (AddParameter): Name = "Min Operating Temperature"; Value = "-55°C"; VariantName = "[No Variations]"
Add component (AddParameter): Name = "Mounting Technology"; Value = "SMT"; VariantName = "[No Variations]"
Add component (AddParameter): Name = "Pins"; Value = "2"; VariantName = "[No Variations]"
Add component (AddParameter): Name = "Ripple Current"; Value = ""; VariantName = "[No Variations]"
Add component (AddParameter): Name = "Ripple Current (AC)"; Value = ""; VariantName = "[No Variations]"
Add component (AddParameter): Name = "Tolerance"; Value = "20%"; VariantName = "[No Variations]"
Add component (AddParameter): Name = "Value"; Value = "100nF"; VariantName = "[No Variations]"
Add component (AddParameter): Name = "Voltage Rating"; Value = "25V"; VariantName = "[No Variations]"
Added Component: Designator=Cbulk3(CAPC0805(2012)145_L)
Add component (AddParameter): Name = "Capacitor Type"; Value = "Ceramic"; VariantName = "[No Variations]"
Add component (AddParameter): Name = "Case/Package"; Value = "0805"; VariantName = "[No Variations]"
Add component (AddParameter): Name = "Max Operating Temperature"; Value = "85°C"; VariantName = "[No Variations]"
Add component (AddParameter): Name = "Min Operating Temperature"; Value = "-55°C"; VariantName = "[No Variations]"
Add component (AddParameter): Name = "Mounting Technology"; Value = "SMT"; VariantName = "[No Variations]"
Add component (AddParameter): Name = "Pins"; Value = "2"; VariantName = "[No Variations]"
Add component (AddParameter): Name = "Ripple Current"; Value = ""; VariantName = "[No Variations]"
Add component (AddParameter): Name = "Ripple Current (AC)"; Value = ""; VariantName = "[No Variations]"
Add component (AddParameter): Name = "Tolerance"; Value = "20%"; VariantName = "[No Variations]"
Add component (AddParameter): Name = "Value"; Value = "100nF"; VariantName = "[No Variations]"
Add component (AddParameter): Name = "Voltage Rating"; Value = "25V"; VariantName = "[No Variations]"
Added Component: Designator=Cload+(CAPC2013X135X45ML10T25)
Add component (AddParameter): Name = "Capacitor Type"; Value = "Ceramic"; VariantName = "[No Variations]"
Add component (AddParameter): Name = "Case/Package"; Value = "0805"; VariantName = "[No Variations]"
Add component (AddParameter): Name = "Max Operating Temperature"; Value = "125°C"; VariantName = "[No Variations]"
Add component (AddParameter): Name = "Min Operating Temperature"; Value = "-55°C"; VariantName = "[No Variations]"
Add component (AddParameter): Name = "Mounting Technology"; Value = "SMT"; VariantName = "[No Variations]"
Add component (AddParameter): Name = "Pins"; Value = "2"; VariantName = "[No Variations]"
Add component (AddParameter): Name = "Ripple Current"; Value = ""; VariantName = "[No Variations]"
Add component (AddParameter): Name = "Ripple Current (AC)"; Value = ""; VariantName = "[No Variations]"
Add component (AddParameter): Name = "Tolerance"; Value = "10%"; VariantName = "[No Variations]"
Add component (AddParameter): Name = "Value"; Value = "20pF"; VariantName = "[No Variations]"
Add component (AddParameter): Name = "Voltage Rating"; Value = "50V"; VariantName = "[No Variations]"
Added Component: Designator=Cload-(CAPC2013X135X45ML10T25)
Add component (AddParameter): Name = "Capacitor Type"; Value = "Ceramic"; VariantName = "[No Variations]"
Add component (AddParameter): Name = "Case/Package"; Value = "0805"; VariantName = "[No Variations]"
Add component (AddParameter): Name = "Max Operating Temperature"; Value = "125°C"; VariantName = "[No Variations]"
Add component (AddParameter): Name = "Min Operating Temperature"; Value = "-55°C"; VariantName = "[No Variations]"
Add component (AddParameter): Name = "Mounting Technology"; Value = "SMT"; VariantName = "[No Variations]"
Add component (AddParameter): Name = "Pins"; Value = "2"; VariantName = "[No Variations]"
Add component (AddParameter): Name = "Ripple Current"; Value = ""; VariantName = "[No Variations]"
Add component (AddParameter): Name = "Ripple Current (AC)"; Value = ""; VariantName = "[No Variations]"
Add component (AddParameter): Name = "Tolerance"; Value = "10%"; VariantName = "[No Variations]"
Add component (AddParameter): Name = "Value"; Value = "20pF"; VariantName = "[No Variations]"
Add component (AddParameter): Name = "Voltage Rating"; Value = "50V"; VariantName = "[No Variations]"
Added Component: Designator=R?(0805_Resistor)
Add component (AddParameter): Name = "ComponentLink1Description"; Value = "DigiKey"; VariantName = "[No Variations]"
Add component (AddParameter): Name = "ComponentLink1URL"; Value = "https://www.digikey.com/products/en?keywords=YAG3738TR-ND"; VariantName = "[No Variations]"
Add component (AddParameter): Name = "Design Item ID"; Value = "R_0805_4.7K_1%"; VariantName = "[No Variations]"
Add component (AddParameter): Name = "DigiKey PN"; Value = "YAG3738TR-ND"; VariantName = "[No Variations]"
Add component (AddParameter): Name = "Manufacturer"; Value = "Yageo"; VariantName = "[No Variations]"
Add component (AddParameter): Name = "Manufacturer Part Number"; Value = "AC0805FR-074K7L"; VariantName = "[No Variations]"
Add component (AddParameter): Name = "Package"; Value = "0805_Resistor"; VariantName = "[No Variations]"
Add component (AddParameter): Name = "Power Rating"; Value = "0.125W"; VariantName = "[No Variations]"
Add component (AddParameter): Name = "Source"; Value = "resistor.SchLib"; VariantName = "[No Variations]"
Add component (AddParameter): Name = "SVP Creator"; Value = "Andrew Wu"; VariantName = "[No Variations]"
Add component (AddParameter): Name = "Value"; Value = "4.7K"; VariantName = "[No Variations]"
Added Component: Designator=R?(0805_Resistor)
Add component (AddParameter): Name = "Design Item ID"; Value = "R_0805_499_1%"; VariantName = "[No Variations]"
Add component (AddParameter): Name = "Package"; Value = "0805_Resistor"; VariantName = "[No Variations]"
Add component (AddParameter): Name = "Power Rating"; Value = "0.125W"; VariantName = "[No Variations]"
Add component (AddParameter): Name = "Source"; Value = "Common.SchLib"; VariantName = "[No Variations]"
Add component (AddParameter): Name = "SVP Creator"; Value = "Spencer Berglund"; VariantName = "[No Variations]"
Add component (AddParameter): Name = "Value"; Value = "499"; VariantName = "[No Variations]"
Added Component: Designator=Rscl(0805_Resistor)
Add component (AddParameter): Name = "ComponentLink1Description"; Value = "DigiKey"; VariantName = "[No Variations]"
Add component (AddParameter): Name = "ComponentLink1URL"; Value = "https://www.digikey.com/products/en?keywords=YAG3738TR-ND"; VariantName = "[No Variations]"
Add component (AddParameter): Name = "Design Item ID"; Value = "R_0805_4.7K_1%"; VariantName = "[No Variations]"
Add component (AddParameter): Name = "DigiKey PN"; Value = "YAG3738TR-ND"; VariantName = "[No Variations]"
Add component (AddParameter): Name = "Manufacturer"; Value = "Yageo"; VariantName = "[No Variations]"
Add component (AddParameter): Name = "Manufacturer Part Number"; Value = "AC0805FR-074K7L"; VariantName = "[No Variations]"
Add component (AddParameter): Name = "Package"; Value = "0805_Resistor"; VariantName = "[No Variations]"
Add component (AddParameter): Name = "Power Rating"; Value = "0.125W"; VariantName = "[No Variations]"
Add component (AddParameter): Name = "Source"; Value = "resistor.SchLib"; VariantName = "[No Variations]"
Add component (AddParameter): Name = "SVP Creator"; Value = "Andrew Wu"; VariantName = "[No Variations]"
Add component (AddParameter): Name = "Value"; Value = "4.7K"; VariantName = "[No Variations]"
Added Component: Designator=Rsda(0805_Resistor)
Add component (AddParameter): Name = "ComponentLink1Description"; Value = "DigiKey"; VariantName = "[No Variations]"
Add component (AddParameter): Name = "ComponentLink1URL"; Value = "https://www.digikey.com/products/en?keywords=YAG3738TR-ND"; VariantName = "[No Variations]"
Add component (AddParameter): Name = "Design Item ID"; Value = "R_0805_4.7K_1%"; VariantName = "[No Variations]"
Add component (AddParameter): Name = "DigiKey PN"; Value = "YAG3738TR-ND"; VariantName = "[No Variations]"
Add component (AddParameter): Name = "Manufacturer"; Value = "Yageo"; VariantName = "[No Variations]"
Add component (AddParameter): Name = "Manufacturer Part Number"; Value = "AC0805FR-074K7L"; VariantName = "[No Variations]"
Add component (AddParameter): Name = "Package"; Value = "0805_Resistor"; VariantName = "[No Variations]"
Add component (AddParameter): Name = "Power Rating"; Value = "0.125W"; VariantName = "[No Variations]"
Add component (AddParameter): Name = "Source"; Value = "resistor.SchLib"; VariantName = "[No Variations]"
Add component (AddParameter): Name = "SVP Creator"; Value = "Andrew Wu"; VariantName = "[No Variations]"
Add component (AddParameter): Name = "Value"; Value = "4.7K"; VariantName = "[No Variations]"
Added Pin To Net: NetName=+5 Pin=ATMega328P-21
Added Pin To Net: NetName=SDA Pin=ATMega328P-27
Added Pin To Net: NetName=SCL Pin=ATMega328P-28
Added Pin To Net: NetName=GND Pin=Cload+-1
Added Pin To Net: NetName=GND Pin=Cload--1
Added Pin To Net: NetName=NetLCD header_16 Pin=R?-2
Added Pin To Net: NetName=+5 Pin=Rscl-1
Added Pin To Net: NetName=SCL Pin=Rscl-2
Added Pin To Net: NetName=+5 Pin=Rsda-1
Added Pin To Net: NetName=SDA Pin=Rsda-2
Added Pin To Net: NetName=NetR?_1 Pin=R?-1
Added Pin To Net: NetName=NetR?_1 Pin=Rred-1
Added Net: Name=NetR?_1
Added Pin To Net: NetName=OSC+ Pin=16MHz Crystal-1
Added Pin To Net: NetName=OSC+ Pin=ATMega328P-9
Added Pin To Net: NetName=OSC+ Pin=Cload+-2
Added Net: Name=OSC+
Added Pin To Net: NetName=OSC- Pin=16MHz Crystal-2
Added Pin To Net: NetName=OSC- Pin=ATMega328P-10
Added Pin To Net: NetName=OSC- Pin=Cload--2
Added Net: Name=OSC-
Added Pin To Net: NetName=RESET Pin=ATMega328P-1
Added Net: Name=RESET
Added Member To Class: ClassName=Sheet1 Member=Component 16MHz Crystal FC4SDCBMM16.0-T1
Added Member To Class: ClassName=Sheet1 Member=Component Cbulk1 Capacitor 4.7µF +/-40% 25V 0805
Added Member To Class: ClassName=Sheet1 Member=Component Cbulk2 Capacitor 4.7µF +/-40% 25V 0805
Added Member To Class: ClassName=Sheet1 Member=Component Cbulk3 Capacitor 4.7µF +/-40% 25V 0805
Added Member To Class: ClassName=Sheet1 Member=Component Cload+ Capacitor 1 uF +/- 10% 50 V 0805
Added Member To Class: ClassName=Sheet1 Member=Component Cload- Capacitor 1 uF +/- 10% 50 V 0805
Added Member To Class: ClassName=Sheet1 Member=Component R? R_0805_4.7K_1%
Added Member To Class: ClassName=Sheet1 Member=Component R? R_0805_499_1%
Added Member To Class: ClassName=Sheet1 Member=Component Rblu R_0805_200_1%
Added Member To Class: ClassName=Sheet1 Member=Component Rgrn R_0805_200_1%
Added Member To Class: ClassName=Sheet1 Member=Component Rred R_0805_200_1%
Added Member To Class: ClassName=Sheet1 Member=Component Rscl R_0805_4.7K_1%
Added Member To Class: ClassName=Sheet1 Member=Component Rsda R_0805_4.7K_1%
