Removed Pin From Net: NetName=NetLCD header_16 Pin=Rblu-1
Removed Pin From Net: NetName=GPA6 Pin=Rblu-2
Removed Pin From Net: NetName=NetLCD header_17 Pin=Rgrn-1
Removed Pin From Net: NetName=GPA7 Pin=Rgrn-2
Removed Pin From Net: NetName=NetLCD header_18 Pin=Rred-1
Removed Pin From Net: NetName=GPB0 Pin=Rred-2
Added Component: Designator=Rblu(0805_Resistor)
Add component (AddParameter): Name = "ComponentLink1Description"; Value = "DigiKey"; VariantName = "[No Variations]"
Add component (AddParameter): Name = "ComponentLink1URL"; Value = "https://www.digikey.com/products/en?keywords=311-200CRCT-ND"; VariantName = "[No Variations]"
Add component (AddParameter): Name = "Design Item ID"; Value = "R_0805_200_1%"; VariantName = "[No Variations]"
Add component (AddParameter): Name = "DigiKey PN"; Value = "311-200CRCT-ND"; VariantName = "[No Variations]"
Add component (AddParameter): Name = "Manufacturer"; Value = "Yageo"; VariantName = "[No Variations]"
Add component (AddParameter): Name = "Manufacturer Part Number"; Value = "RC0805FR-07200RL"; VariantName = "[No Variations]"
Add component (AddParameter): Name = "Package"; Value = "0805_Resistor"; VariantName = "[No Variations]"
Add component (AddParameter): Name = "Power Rating"; Value = "0.125W"; VariantName = "[No Variations]"
Add component (AddParameter): Name = "Source"; Value = "resistor.SchLib"; VariantName = "[No Variations]"
Add component (AddParameter): Name = "SVP Creator"; Value = "Spencer Berglund"; VariantName = "[No Variations]"
Add component (AddParameter): Name = "Value"; Value = "200"; VariantName = "[No Variations]"
Added Component: Designator=Rgrn(0805_Resistor)
Add component (AddParameter): Name = "ComponentLink1Description"; Value = "DigiKey"; VariantName = "[No Variations]"
Add component (AddParameter): Name = "ComponentLink1URL"; Value = "https://www.digikey.com/products/en?keywords=311-200CRCT-ND"; VariantName = "[No Variations]"
Add component (AddParameter): Name = "Design Item ID"; Value = "R_0805_200_1%"; VariantName = "[No Variations]"
Add component (AddParameter): Name = "DigiKey PN"; Value = "311-200CRCT-ND"; VariantName = "[No Variations]"
Add component (AddParameter): Name = "Manufacturer"; Value = "Yageo"; VariantName = "[No Variations]"
Add component (AddParameter): Name = "Manufacturer Part Number"; Value = "RC0805FR-07200RL"; VariantName = "[No Variations]"
Add component (AddParameter): Name = "Package"; Value = "0805_Resistor"; VariantName = "[No Variations]"
Add component (AddParameter): Name = "Power Rating"; Value = "0.125W"; VariantName = "[No Variations]"
Add component (AddParameter): Name = "Source"; Value = "resistor.SchLib"; VariantName = "[No Variations]"
Add component (AddParameter): Name = "SVP Creator"; Value = "Spencer Berglund"; VariantName = "[No Variations]"
Add component (AddParameter): Name = "Value"; Value = "200"; VariantName = "[No Variations]"
Added Component: Designator=Rred(0805_Resistor)
Add component (AddParameter): Name = "ComponentLink1Description"; Value = "DigiKey"; VariantName = "[No Variations]"
Add component (AddParameter): Name = "ComponentLink1URL"; Value = "https://www.digikey.com/products/en?keywords=311-200CRCT-ND"; VariantName = "[No Variations]"
Add component (AddParameter): Name = "Design Item ID"; Value = "R_0805_200_1%"; VariantName = "[No Variations]"
Add component (AddParameter): Name = "DigiKey PN"; Value = "311-200CRCT-ND"; VariantName = "[No Variations]"
Add component (AddParameter): Name = "Manufacturer"; Value = "Yageo"; VariantName = "[No Variations]"
Add component (AddParameter): Name = "Manufacturer Part Number"; Value = "RC0805FR-07200RL"; VariantName = "[No Variations]"
Add component (AddParameter): Name = "Package"; Value = "0805_Resistor"; VariantName = "[No Variations]"
Add component (AddParameter): Name = "Power Rating"; Value = "0.125W"; VariantName = "[No Variations]"
Add component (AddParameter): Name = "Source"; Value = "resistor.SchLib"; VariantName = "[No Variations]"
Add component (AddParameter): Name = "SVP Creator"; Value = "Spencer Berglund"; VariantName = "[No Variations]"
Add component (AddParameter): Name = "Value"; Value = "200"; VariantName = "[No Variations]"
Added Pin To Net: NetName=GPB0 Pin=GPIO extension-2
Added Pin To Net: NetName=GPB1 Pin=GPIO extension-3
Added Pin To Net: NetName=GPB2 Pin=GPIO extension-4
Added Pin To Net: NetName=GPB3 Pin=GPIO extension-5
Added Pin To Net: NetName=GPB4 Pin=GPIO extension-6
Added Pin To Net: NetName=GPB5 Pin=GPIO extension-7
Added Pin To Net: NetName=GPB6 Pin=GPIO extension-8
Added Pin To Net: NetName=GPB7 Pin=GPIO extension-9
Added Pin To Net: NetName=GND Pin=GPIO extension-13
Added Pin To Net: NetName=+5 Pin=GPIO extension-14
Added Pin To Net: NetName=GPA6 Pin=GPIO extension-23
Added Pin To Net: NetName=GPA7 Pin=GPIO extension-24
Added Pin To Net: NetName=NetLCD header_18 Pin=Rblu-1
Added Pin To Net: NetName=GPB0 Pin=Rblu-2
Added Pin To Net: NetName=NetLCD header_17 Pin=Rgrn-1
Added Pin To Net: NetName=GPA7 Pin=Rgrn-2
Added Pin To Net: NetName=NetLCD header_16 Pin=Rred-1
Added Pin To Net: NetName=GPA6 Pin=Rred-2
Added Pin To Net: NetName=GPA0 Pin=GPIO extension-17
Added Net: Name=GPA0
Added Pin To Net: NetName=GPA1 Pin=GPIO extension-18
Added Net: Name=GPA1
Added Pin To Net: NetName=GPA2 Pin=GPIO extension-19
Added Net: Name=GPA2
Added Pin To Net: NetName=GPA3 Pin=GPIO extension-20
Added Net: Name=GPA3
Added Pin To Net: NetName=GPA4 Pin=GPIO extension-21
Added Net: Name=GPA4
Added Pin To Net: NetName=GPA5 Pin=GPIO extension-22
Added Net: Name=GPA5
Added Pin To Net: NetName=SCL Pin=GPIO extension-11
Added Net: Name=SCL
Added Pin To Net: NetName=SDA Pin=GPIO extension-12
Added Net: Name=SDA
