Added Component: Designator=LEDpins(MHDR1X4)
Add component (AddParameter): Name = "LatestRevisionDate"; Value = "17-Jul-2002"; VariantName = "[No Variations]"
Add component (AddParameter): Name = "LatestRevisionNote"; Value = "Re-released for DXP Platform."; VariantName = "[No Variations]"
Add component (AddParameter): Name = "Publisher"; Value = "Altium Limited"; VariantName = "[No Variations]"
Added Component: Designator=LEDs(0805_Resistor)
Add component (AddParameter): Name = "ComponentLink1Description"; Value = "DigiKey"; VariantName = "[No Variations]"
Add component (AddParameter): Name = "ComponentLink1URL"; Value = "https://www.digikey.com/products/en?keywords=YAG3738TR-ND"; VariantName = "[No Variations]"
Add component (AddParameter): Name = "Design Item ID"; Value = "R_0805_4.7K_1%"; VariantName = "[No Variations]"
Add component (AddParameter): Name = "DigiKey PN"; Value = "YAG3738TR-ND"; VariantName = "[No Variations]"
Add component (AddParameter): Name = "Manufacturer"; Value = "Yageo"; VariantName = "[No Variations]"
Add component (AddParameter): Name = "Manufacturer Part Number"; Value = "AC0805FR-074K7L"; VariantName = "[No Variations]"
Add component (AddParameter): Name = "Package"; Value = "0805_Resistor"; VariantName = "[No Variations]"
Add component (AddParameter): Name = "Power Rating"; Value = "0.125W"; VariantName = "[No Variations]"
Add component (AddParameter): Name = "Source"; Value = "resistor.SchLib"; VariantName = "[No Variations]"
Add component (AddParameter): Name = "SVP Creator"; Value = "Andrew Wu"; VariantName = "[No Variations]"
Add component (AddParameter): Name = "Value"; Value = "220"; VariantName = "[No Variations]"
Added Pin To Net: NetName=+5 Pin=LEDpins-1
Added Pin To Net: NetName=GND Pin=LEDpins-2
Added Pin To Net: NetName=GND Pin=LEDpins-3
Added Pin To Net: NetName=LEDSIG Pin=LEDs-1
Added Pin To Net: NetName=LEDSIG Pin=micro-12
Added Net: Name=LEDSIG
Added Pin To Net: NetName=NetLEDpins_4 Pin=LEDpins-4
Added Pin To Net: NetName=NetLEDpins_4 Pin=LEDs-2
Added Net: Name=NetLEDpins_4
Added Member To Class: ClassName=Sheet1 Member=Component LEDpins MHDR1X4
Added Member To Class: ClassName=Sheet1 Member=Component LEDs R_0805_4.7K_1%
