Added Component: Designator=X?(X_2.1mm_RADIAL_CRYSTAL)
Add component (AddParameter): Name = "Design Item ID"; Value = "X_32.768kHz_CRYSTAL"; VariantName = "[No Variations]"
Add component (AddParameter): Name = "Source"; Value = "misc.SchLib"; VariantName = "[No Variations]"
Add component (AddParameter): Name = "Value"; Value = ""; VariantName = "[No Variations]"
Added Component: Designator=X?(ABLS-8.000MHZ-K4T-Footprint-1)
Added Pin To Net: NetName=CH_PD Pin=P?-3
Added Net: Name=CH_PD
Added Pin To Net: NetName=GND Pin=P?-2
Added Net: Name=GND
Added Pin To Net: NetName=GPIO0 Pin=P?-6
Added Net: Name=GPIO0
Added Pin To Net: NetName=GPIO2 Pin=P?-4
Added Net: Name=GPIO2
Added Pin To Net: NetName=RESET Pin=P?-5
Added Net: Name=RESET
Added Pin To Net: NetName=RX Pin=P?-8
Added Net: Name=RX
Added Pin To Net: NetName=TX Pin=P?-1
Added Net: Name=TX
Added Pin To Net: NetName=VCC Pin=P?-7
Added Net: Name=VCC
Added Member To Class: ClassName=can_if Member=Component J? J_1843253
Added Member To Class: ClassName=program_if Member=Component J? 3221-10-0300-00
Added Member To Class: ClassName=sd_if Member=Component J? J_5027740891
Added Member To Class: ClassName=usb_if Member=Component J? DX07S024WJ1R350
Added Member To Class: ClassName=power_if Member=Component U? U_R-78C3.3-1.0
Added Member To Class: ClassName=program_if Member=Component X? AB26TRB-32.768KHZ-T
Added Member To Class: ClassName=program_if Member=Component X? ABLS-8.000MHZ-K4T
